<?xml version='1.0' encoding='UTF-8'?>
<testsuite hostname="DESKTOP-EEOC43J" name="todo.data.BijectionSuite" tests="7" errors="0" failures="0" skipped="0" time="0.343" timestamp="2021-05-24T15:32:36">
                     <properties>
      <property name="java.specification.version" value="14"/><property name="sun.cpu.isalist" value="amd64"/><property name="sun.jnu.encoding" value="Cp1252"/><property name="sun.arch.data.model" value="64"/><property name="java.vendor.url" value="https://java.oracle.com/"/><property name="sun.boot.library.path" value="C:\Program Files\Java\jdk-14.0.2\bin"/><property name="sun.java.command" value="xsbt.boot.Boot"/><property name="jdk.debug" value="release"/><property name="sun.stderr.encoding" value="cp850"/><property name="java.specification.vendor" value="Oracle Corporation"/><property name="java.version.date" value="2020-07-14"/><property name="java.home" value="C:\Program Files\Java\jdk-14.0.2"/><property name="file.separator" value="\"/><property name="java.vm.compressedOopsMode" value="32-bit"/><property name="line.separator" value="
"/><property name="sun.stdout.encoding" value="cp850"/><property name="java.vm.specification.vendor" value="Oracle Corporation"/><property name="java.specification.name" value="Java Platform API Specification"/><property name="user.script" value=""/><property name="sun.management.compiler" value="HotSpot 64-Bit Tiered Compilers"/><property name="java.runtime.version" value="14.0.2+12-46"/><property name="user.name" value="ERLAND"/><property name="log4j.ignoreTCL" value="true"/><property name="file.encoding" value="UTF-8"/><property name="jnidispatch.path" value="C:\Users\ERLAND\AppData\Local\Temp\jna-2053469208\jna17191818218996046670.dll"/><property name="jna.loaded" value="true"/><property name="java.io.tmpdir" value="C:\Users\ERLAND\AppData\Local\Temp\"/><property name="java.version" value="14.0.2"/><property name="java.vm.specification.name" value="Java Virtual Machine Specification"/><property name="sun.os.patch.level" value=""/><property name="java.library.path" value="C:\Program Files\Java\jdk-14.0.2\bin;C:\WINDOWS\Sun\Java\bin;C:\WINDOWS\system32;C:\WINDOWS;C:\Program Files\Java\jdk-14.0.2\bin;C:\Cmder\vendor\bin;C:\Cmder\vendor\conemu-maximus5\ConEmu\Scripts;C:\Cmder\vendor\conemu-maximus5;C:\Cmder\vendor\conemu-maximus5\ConEmu;C:\Program Files (x86)\Common Files\Oracle\Java\javapath;C:\WINDOWS\system32;C:\WINDOWS;C:\WINDOWS\System32\Wbem;C:\WINDOWS\System32\WindowsPowerShell\v1.0\;C:\WINDOWS\System32\OpenSSH\;C:\Program Files\Intel\WiFi\bin\;C:\Program Files\Common Files\Intel\WirelessCommon\;C:\Program Files\dotnet\;C:\Program Files\Java\jdk1.8.0_192\bin;C:\ProgramData\chocolatey\bin;C:\Program Files (x86)\Yarn\bin\;C:\Program Files\Java\jdk-14.0.2\bin;C:\haskell-language-server\;C:\Program Files\erl-24.0\bin;C:\Program Files\erl-24.0\erts-12.0\bin;C:\Gradle\gradle-6.6.1\bin;C:\rebar3\;C:\Program Files (x86)\Elm\0.19.1\bin;C:\Program Files\Calibre2\;C:\z3\bin;C:\idris;C:\Program Files\Git\cmd;C:\Program Files (x86)\FontForgeBuilds;C:\Users\ERLAND\Downloads\Programs;C:\Program Files\nodejs\;C:\Program Files (x86)\sbt\bin;C:\Program Files (x86)\Elixir\bin;C:\WINDOWS\system32\config\systemprofile\.mix\escripts;C:\Python27;C:\Python27\Scripts;C:\Users\ERLAND\AppData\Local\Programs\Python\Python38\Scripts\;C:\Users\ERLAND\AppData\Local\Programs\Python\Python38\;C:\Program Files (x86)\Elm\0.19.1\bin;C:\Users\ERLAND\.cargo\bin;C:\Users\ERLAND\AppData\Roaming\local\bin;C:\Users\ERLAND\AppData\Local\Microsoft\WindowsApps;C:\Users\ERLAND\.dotnet\tools;C:\Users\ERLAND\AppData\Local\Yarn\bin;C:\Users\ERLAND\AppData\Roaming\cabal\bin;C:\ProgramData\chocolatey\lib\ghc\tools\ghc-8.10.2\bin;C:\tools\msys64;C:\Users\ERLAND\AppData\Local/Programs/clojure\bin;C:\Users\ERLAND\.dotnet\tools;C:\Users\ERLAND\AppData\Local\Microsoft\WindowsApps;C:\Users\ERLAND\AppData\Local\Programs\Microsoft VS Code\bin;C:\Users\ERLAND\AppData\Roaming\npm;C:\Program Files\JetBrains\IntelliJ IDEA Community Edition 2021.1\bin;C:\Users\ERLAND\.dotnet\tools;C:\Program Files\Git\mingw64\bin;C:\Program Files\Git\usr\bin;C:\Cmder;."/><property name="java.vendor" value="Oracle Corporation"/><property name="scala.ext.dirs" value="C:\Users\ERLAND\.sbt\1.0\java9-rt-ext-oracle_corporation_14_0_2"/><property name="sun.io.unicode.encoding" value="UnicodeLittle"/><property name="java.class.path" value="C:\Program Files (x86)\sbt\\bin\sbt-launch.jar"/><property name="java.vm.vendor" value="Oracle Corporation"/><property name="user.variant" value=""/><property name="jline.shutdownhook" value="false"/><property name="user.timezone" value="America/La_Paz"/><property name="java.vm.specification.version" value="14"/><property name="os.name" value="Windows 10"/><property name="sun.java.launcher" value="SUN_STANDARD"/><property name="user.country" value="BO"/><property name="sun.cpu.endian" value="little"/><property name="user.home" value="C:\Users\ERLAND"/><property name="user.language" value="es"/><property name="swoval.tmpdir" value="C:\Users\ERLAND\.sbt\1.0"/><property name="jline.esc.timeout" value="0"/><property name="path.separator" value=";"/><property name="os.version" value="10.0"/><property name="jna.nosys" value="true"/><property name="java.runtime.name" value="Java(TM) SE Runtime Environment"/><property name="java.vm.name" value="Java HotSpot(TM) 64-Bit Server VM"/><property name="java.vendor.url.bug" value="https://bugreport.java.com/bugreport/"/><property name="user.dir" value="C:\Users\ERLAND\Documents\CODIGO\SCALA\todo"/><property name="os.arch" value="amd64"/><property name="java.vm.info" value="mixed mode, sharing"/><property name="java.vm.version" value="14.0.2+12-46"/><property name="java.class.version" value="58.0"/>
    </properties>
                     <testcase classname="todo.data.BijectionSuite" name="Task" time="0.312">
                                                 
                                               </testcase><testcase classname="todo.data.BijectionSuite" name="Task-1" time="0.016">
                                                 
                                               </testcase><testcase classname="todo.data.BijectionSuite" name="Tag" time="0.0">
                                                 
                                               </testcase><testcase classname="todo.data.BijectionSuite" name="State:Active" time="0.0">
                                                 
                                               </testcase><testcase classname="todo.data.BijectionSuite" name="State:Completed" time="0.0">
                                                 
                                               </testcase><testcase classname="todo.data.BijectionSuite" name="Id" time="0.0">
                                                 
                                               </testcase><testcase classname="todo.data.BijectionSuite" name="Tasks" time="0.015">
                                                 
                                               </testcase>
                     <system-out><![CDATA[]]></system-out>
                     <system-err><![CDATA[]]></system-err>
                   </testsuite>